Started GET "/" for ::1 at 2019-11-25 00:16:35 +0900
  [1m[35m (65.2ms)[0m  [1m[35mSET NAMES utf8,  @@SESSION.sql_mode = CONCAT(CONCAT(@@sql_mode, ',STRICT_ALL_TABLES'), ',NO_AUTO_VALUE_ON_ZERO'),  @@SESSION.sql_auto_is_null = 0, @@SESSION.wait_timeout = 2147483[0m
  ↳ /Users/sasakirena/.rbenv/versions/2.4.1/lib/ruby/gems/2.4.0/gems/activerecord-5.2.3/lib/active_record/log_subscriber.rb:98
Processing by Rails::WelcomeController#index as HTML
  Rendering /Users/sasakirena/.rbenv/versions/2.4.1/lib/ruby/gems/2.4.0/gems/railties-5.2.3/lib/rails/templates/rails/welcome/index.html.erb
  Rendered /Users/sasakirena/.rbenv/versions/2.4.1/lib/ruby/gems/2.4.0/gems/railties-5.2.3/lib/rails/templates/rails/welcome/index.html.erb (9.7ms)
Completed 200 OK in 54ms (Views: 25.9ms | ActiveRecord: 0.0ms)


Started GET "/" for ::1 at 2019-11-25 00:24:21 +0900
  [1m[35m (57.1ms)[0m  [1m[35mSET NAMES utf8,  @@SESSION.sql_mode = CONCAT(CONCAT(@@sql_mode, ',STRICT_ALL_TABLES'), ',NO_AUTO_VALUE_ON_ZERO'),  @@SESSION.sql_auto_is_null = 0, @@SESSION.wait_timeout = 2147483[0m
  ↳ /Users/sasakirena/.rbenv/versions/2.4.1/lib/ruby/gems/2.4.0/gems/activerecord-5.2.3/lib/active_record/log_subscriber.rb:98
Processing by PagesController#index as HTML
  Rendering pages/index.html.erb within layouts/application
  Rendered pages/index.html.erb within layouts/application (2.0ms)
Completed 200 OK in 923ms (Views: 908.3ms | ActiveRecord: 0.0ms)


Started GET "/" for ::1 at 2019-11-25 00:28:28 +0900
  [1m[35m (12.8ms)[0m  [1m[35mSET NAMES utf8,  @@SESSION.sql_mode = CONCAT(CONCAT(@@sql_mode, ',STRICT_ALL_TABLES'), ',NO_AUTO_VALUE_ON_ZERO'),  @@SESSION.sql_auto_is_null = 0, @@SESSION.wait_timeout = 2147483[0m
  ↳ /Users/sasakirena/.rbenv/versions/2.4.1/lib/ruby/gems/2.4.0/gems/activerecord-5.2.3/lib/active_record/log_subscriber.rb:98
Processing by PagesController#index as HTML
  Rendering pages/index.html.erb within layouts/application
  Rendered pages/index.html.erb within layouts/application (2.0ms)
Completed 200 OK in 357ms (Views: 342.5ms | ActiveRecord: 0.0ms)


